0 verbose cli /usr/local/bin/node /usr/local/bin/npm
1 info using npm@8.11.0
2 info using node@v16.16.0
3 timing npm:load:whichnode Completed in 0ms
4 timing config:load:defaults Completed in 1ms
5 timing config:load:file:/usr/local/lib/node_modules/npm/npmrc Completed in 0ms
6 timing config:load:builtin Completed in 0ms
7 warn config optional Use `--omit=optional` to exclude optional dependencies, or
7 warn config `--include=optional` to include them.
7 warn config
7 warn config     Default value does install optional deps unless otherwise omitted.
8 timing config:load:cli Completed in 1ms
9 timing config:load:env Completed in 0ms
10 timing config:load:file:/Users/myudi/Development/yuyuid/core-library-ts/.npmrc Completed in 1ms
11 timing config:load:project Completed in 3ms
12 timing config:load:file:/Users/myudi/.npmrc Completed in 0ms
13 timing config:load:user Completed in 0ms
14 timing config:load:file:/usr/local/etc/npmrc Completed in 0ms
15 timing config:load:global Completed in 0ms
16 timing config:load:validate Completed in 0ms
17 timing config:load:credentials Completed in 1ms
18 timing config:load:setEnvs Completed in 0ms
19 timing config:load Completed in 7ms
20 timing npm:load:configload Completed in 7ms
21 timing npm:load:mkdirpcache Completed in 1ms
22 timing npm:load:mkdirplogs Completed in 0ms
23 verbose title npm ci
24 verbose argv "ci" "--cache" ".npm" "--prefer-offline" "--unsafe-perm" "--no-optional"
25 timing npm:load:setTitle Completed in 5ms
26 timing config:load:flatten Completed in 1ms
27 timing npm:load:display Completed in 2ms
28 verbose logfile logs-max:10 dir:/Users/myudi/Development/yuyuid/core-library-ts/.npm/_logs
29 verbose logfile /Users/myudi/Development/yuyuid/core-library-ts/.npm/_logs/2023-03-26T11_34_45_747Z-debug-0.log
30 timing npm:load:logFile Completed in 2ms
31 timing npm:load:timers Completed in 0ms
32 timing npm:load:configScope Completed in 0ms
33 timing npm:load Completed in 17ms
34 timing arborist:ctor Completed in 0ms
35 silly logfile done cleaning log files
36 timing idealTree:init Completed in 1ms
37 timing idealTree:userRequests Completed in 0ms
38 silly idealTree buildDeps
39 timing idealTree:#root Completed in 0ms
40 timing idealTree:buildDeps Completed in 0ms
41 timing idealTree:fixDepFlags Completed in 1ms
42 timing idealTree Completed in 2ms
43 timing npm-ci:rm Completed in 8ms
44 timing reify:loadTrees Completed in 1ms
45 timing reify:diffTrees Completed in 0ms
46 silly reify moves {}
47 timing reify:retireShallow Completed in 1ms
48 timing reify:createSparse Completed in 0ms
49 timing reify:trashOmits Completed in 0ms
50 timing reify:loadBundles Completed in 0ms
51 silly audit bulk request { typescript: [ '5.0.2' ] }
52 silly tarball no local data for typescript@https://registry.npmjs.org/typescript/-/typescript-5.0.2.tgz. Extracting by manifest.
53 http fetch POST 200 https://registry.npmjs.org/-/npm/v1/security/advisories/bulk 426ms
54 timing auditReport:getReport Completed in 427ms
55 silly audit report {}
56 timing auditReport:init Completed in 0ms
57 timing reify:audit Completed in 427ms
58 http fetch GET 200 https://registry.npmjs.org/npm 680ms (cache miss)
59 http fetch GET 200 https://registry.npmjs.org/typescript/-/typescript-5.0.2.tgz 1618ms (cache miss)
60 timing reifyNode:node_modules/typescript Completed in 1622ms
61 timing reify:unpack Completed in 1622ms
62 timing reify:unretire Completed in 0ms
63 timing build:queue Completed in 1ms
64 timing build:link:node_modules/typescript Completed in 1ms
65 timing build:link Completed in 1ms
66 timing build:deps Completed in 2ms
67 timing build Completed in 2ms
68 timing reify:build Completed in 2ms
69 timing reify:trash Completed in 0ms
70 timing reify Completed in 1630ms
71 silly ADD node_modules/typescript
72 timing command:ci Completed in 1659ms
73 notice
73 notice New [31mmajor[39m version of npm available! [31m8.11.0[39m -> [32m9.6.2[39m
73 notice Changelog: [36mhttps://github.com/npm/cli/releases/tag/v9.6.2[39m
73 notice Run [32mnpm install -g npm@9.6.2[39m to update!
73 notice
74 verbose exit 0
75 timing npm Completed in 1715ms
76 info ok
